<?xml version="1.0" encoding="UTF-8"?>
<!-- Generated by org.testng.reporters.JUnitXMLReporter -->
<testsuite hostname="LENOVO-PC" ignored="2" name="Default test" tests="1" failures="0" timestamp="13 Jul 2020 12:15:26 GMT" time="123.955" errors="0">
  <testcase name="TC03_subCategoryWithoutMandatories" time="109.58" classname="com.dyt.ors.regression.AdminProducts"/>
  <testcase name="TC01_addMainCategory" time="0.0" classname="com.dyt.ors.regression.AdminProducts">
    <ignored/>
  </testcase> <!-- TC01_addMainCategory -->
  <testcase name="TC02_subCategory" time="0.0" classname="com.dyt.ors.regression.AdminProducts">
    <ignored/>
  </testcase> <!-- TC02_subCategory -->
</testsuite> <!-- Default test -->
