<?xml version="1.0" encoding="UTF-8"?>
<testng-results skipped="0" failed="0" ignored="2" total="3" passed="1">
  <reporter-output>
  </reporter-output>
  <suite name="Default suite" duration-ms="123955" started-at="2020-07-13T12:13:22Z" finished-at="2020-07-13T12:15:25Z">
    <groups>
    </groups>
    <test name="Default test" duration-ms="123955" started-at="2020-07-13T12:13:22Z" finished-at="2020-07-13T12:15:25Z">
      <class name="com.dyt.ors.regression.AdminProducts">
        <test-method status="PASS" signature="setupReport()[pri:0, instance:com.dyt.ors.regression.AdminProducts@47c62251]" name="setupReport" is-config="true" duration-ms="416" started-at="2020-07-13T17:43:21Z" finished-at="2020-07-13T17:43:22Z">
          <reporter-output>
          </reporter-output>
        </test-method> <!-- setupReport -->
        <test-method status="PASS" signature="launchBrowser(java.lang.reflect.Method)[pri:0, instance:com.dyt.ors.regression.AdminProducts@47c62251]" name="launchBrowser" is-config="true" duration-ms="12056" started-at="2020-07-13T17:43:22Z" finished-at="2020-07-13T17:43:34Z">
          <params>
            <param index="0">
              <value>
                <![CDATA[public static void com.dyt.ors.regression.AdminProducts.TC03_subCategoryWithoutMandatories()]]>
              </value>
            </param>
          </params>
          <reporter-output>
          </reporter-output>
        </test-method> <!-- launchBrowser -->
        <test-method status="PASS" signature="TC03_subCategoryWithoutMandatories()[pri:0, instance:com.dyt.ors.regression.AdminProducts@47c62251]" name="TC03_subCategoryWithoutMandatories" duration-ms="109580" started-at="2020-07-13T17:43:34Z" finished-at="2020-07-13T17:45:23Z">
          <reporter-output>
          </reporter-output>
        </test-method> <!-- TC03_subCategoryWithoutMandatories -->
        <test-method status="PASS" signature="closeBrowser()[pri:0, instance:com.dyt.ors.regression.AdminProducts@47c62251]" name="closeBrowser" is-config="true" duration-ms="2272" started-at="2020-07-13T17:45:23Z" finished-at="2020-07-13T17:45:25Z">
          <reporter-output>
          </reporter-output>
        </test-method> <!-- closeBrowser -->
        <test-method status="PASS" signature="flushReportAndOpen()[pri:0, instance:com.dyt.ors.regression.AdminProducts@47c62251]" name="flushReportAndOpen" is-config="true" duration-ms="12769" started-at="2020-07-13T17:45:26Z" finished-at="2020-07-13T17:45:38Z">
          <reporter-output>
          </reporter-output>
        </test-method> <!-- flushReportAndOpen -->
      </class> <!-- com.dyt.ors.regression.AdminProducts -->
    </test> <!-- Default test -->
  </suite> <!-- Default suite -->
</testng-results>
