<?xml version="1.0" encoding="UTF-8"?>
<!-- Generated by org.testng.reporters.JUnitXMLReporter -->
<testsuite hostname="LENOVO-PC" ignored="5" name="Test" tests="1" failures="0" timestamp="03 Jul 2020 22:30:51 GMT" time="70.714" errors="0">
  <testcase name="TC001_addMainCategory" time="56.434" classname="com.dyt.ors.smoke.SmokeTestCases"/>
  <testcase name="TC001_homeVerifyPage" time="0.0" classname="com.dyt.ors.smoke.SmokeTestCases">
    <ignored/>
  </testcase> <!-- TC001_homeVerifyPage -->
  <testcase name="TC003_addProducts" time="0.0" classname="com.dyt.ors.smoke.SmokeTestCases">
    <ignored/>
  </testcase> <!-- TC003_addProducts -->
  <testcase name="TC002_addSubCategory" time="0.0" classname="com.dyt.ors.smoke.SmokeTestCases">
    <ignored/>
  </testcase> <!-- TC002_addSubCategory -->
  <testcase name="TC004_editMainCategories" time="0.0" classname="com.dyt.ors.smoke.SmokeTestCases">
    <ignored/>
  </testcase> <!-- TC004_editMainCategories -->
  <testcase name="TC005_subMainCategories" time="0.0" classname="com.dyt.ors.smoke.SmokeTestCases">
    <ignored/>
  </testcase> <!-- TC005_subMainCategories -->
</testsuite> <!-- Test -->
